c:\yiwei_study_cs\comp 2501\a3\demo\texturedemo\texturedemo\debug\vc141.pdb
c:\yiwei_study_cs\comp 2501\a3\demo\texturedemo\texturedemo\debug\vc141.idb
c:\yiwei_study_cs\comp 2501\a3\demo\texturedemo\texturedemo\debug\window.obj
c:\yiwei_study_cs\comp 2501\a3\demo\texturedemo\texturedemo\debug\shader.obj
c:\yiwei_study_cs\comp 2501\a3\demo\texturedemo\texturedemo\debug\fileutils.obj
c:\yiwei_study_cs\comp 2501\a3\demo\texturedemo\texturedemo\debug\main.obj
c:\yiwei_study_cs\comp 2501\a3\demo\texturedemo\texturedemo\debug\gameobject.obj
c:\yiwei_study_cs\comp 2501\a3\demo\texturedemo\texturedemo\debug\playergameobject.obj
c:\yiwei_study_cs\comp 2501\a3\demo\texturedemo\debug\texturedemo.exe
c:\yiwei_study_cs\comp 2501\a3\demo\texturedemo\debug\texturedemo.pdb
c:\yiwei_study_cs\comp 2501\a3\asteroidsshooting\texturedemo\texturedemo\debug\agent.obj
c:\yiwei_study_cs\comp 2501\a3\asteroidsshooting\texturedemo\texturedemo\debug\fileutils.obj
c:\yiwei_study_cs\comp 2501\a3\asteroidsshooting\texturedemo\texturedemo\debug\gameentity.obj
c:\yiwei_study_cs\comp 2501\a3\asteroidsshooting\texturedemo\texturedemo\debug\gameobject.obj
c:\yiwei_study_cs\comp 2501\a3\asteroidsshooting\texturedemo\texturedemo\debug\main.obj
c:\yiwei_study_cs\comp 2501\a3\asteroidsshooting\texturedemo\texturedemo\debug\playercontrolledagent.obj
c:\yiwei_study_cs\comp 2501\a3\asteroidsshooting\texturedemo\texturedemo\debug\playercontrolledobject.obj
c:\yiwei_study_cs\comp 2501\a3\asteroidsshooting\texturedemo\texturedemo\debug\resourcemanager.obj
c:\yiwei_study_cs\comp 2501\a3\asteroidsshooting\texturedemo\texturedemo\debug\shader.obj
c:\yiwei_study_cs\comp 2501\a3\asteroidsshooting\texturedemo\texturedemo\debug\window.obj
c:\yiwei_study_cs\comp 2501\a3\asteroidsshooting\texturedemo\texturedemo\debug\vc141.idb
c:\yiwei_study_cs\comp 2501\a3\asteroidsshooting\texturedemo\texturedemo\debug\vc141.pdb
c:\yiwei_study_cs\comp 2501\a3\asteroidsshooting\texturedemo\debug\texturedemo.pdb
c:\yiwei_study_cs\comp 2501\a3\asteroidsshooting\texturedemo\debug\texturedemo.exe
c:\yiwei_study_cs\comp 2501\a3\asteroidsshooting\texturedemo\texturedemo\debug\texturedemo.tlog\cl.command.1.tlog
c:\yiwei_study_cs\comp 2501\a3\asteroidsshooting\texturedemo\texturedemo\debug\texturedemo.tlog\cl.read.1.tlog
c:\yiwei_study_cs\comp 2501\a3\asteroidsshooting\texturedemo\texturedemo\debug\texturedemo.tlog\cl.write.1.tlog
c:\yiwei_study_cs\comp 2501\a3\asteroidsshooting\texturedemo\texturedemo\debug\texturedemo.tlog\link.command.1.tlog
c:\yiwei_study_cs\comp 2501\a3\asteroidsshooting\texturedemo\texturedemo\debug\texturedemo.tlog\link.read.1.tlog
c:\yiwei_study_cs\comp 2501\a3\asteroidsshooting\texturedemo\texturedemo\debug\texturedemo.tlog\link.write.1.tlog
